2023-12-14 11:52:52 - INFO - pyTorch!!!
2023-12-14 11:52:52 - INFO - Number of train: 2361
2023-12-14 11:52:52 - INFO - Number of val: 473
2023-12-14 11:52:52 - INFO - Number of test: 473
2023-12-14 11:53:17 - INFO - epoch-0, loss-0.0226, val_loss-0.1088, val_rocauc-0.5567, test_loss-0.1089, test_rocauc-0.5084 ***
2023-12-14 11:53:46 - INFO - epoch-1, loss-0.0225, val_loss-0.1077, val_rocauc-0.5617, test_loss-0.1077, test_rocauc-0.5417 ***
2023-12-14 11:54:14 - INFO - epoch-2, loss-0.0224, val_loss-0.1079, val_rocauc-0.6128, test_loss-0.1079, test_rocauc-0.5839 
2023-12-14 11:54:41 - INFO - epoch-3, loss-0.0224, val_loss-0.1095, val_rocauc-0.5784, test_loss-0.1095, test_rocauc-0.6056 
2023-12-14 11:55:09 - INFO - epoch-4, loss-0.0223, val_loss-0.1079, val_rocauc-0.6025, test_loss-0.1079, test_rocauc-0.5835 
2023-12-14 11:55:37 - INFO - epoch-5, loss-0.0220, val_loss-0.1073, val_rocauc-0.6093, test_loss-0.1073, test_rocauc-0.6024 ***
2023-12-14 11:56:06 - INFO - epoch-6, loss-0.0217, val_loss-0.1048, val_rocauc-0.6166, test_loss-0.1048, test_rocauc-0.6069 ***
2023-12-14 11:56:34 - INFO - epoch-7, loss-0.0212, val_loss-0.1088, val_rocauc-0.6099, test_loss-0.1087, test_rocauc-0.6242 
2023-12-14 11:57:01 - INFO - epoch-8, loss-0.0209, val_loss-0.1044, val_rocauc-0.6183, test_loss-0.1043, test_rocauc-0.6156 ***
2023-12-14 11:57:28 - INFO - epoch-9, loss-0.0205, val_loss-0.1022, val_rocauc-0.6231, test_loss-0.1023, test_rocauc-0.6216 ***
2023-12-14 11:57:55 - INFO - epoch-10, loss-0.0203, val_loss-0.0999, val_rocauc-0.6199, test_loss-0.0998, test_rocauc-0.6249 
2023-12-14 11:58:22 - INFO - epoch-11, loss-0.0202, val_loss-0.1074, val_rocauc-0.6240, test_loss-0.1072, test_rocauc-0.6253 
2023-12-14 11:58:51 - INFO - epoch-12, loss-0.0200, val_loss-0.1025, val_rocauc-0.6244, test_loss-0.1025, test_rocauc-0.6262 
2023-12-14 11:59:21 - INFO - epoch-13, loss-0.0199, val_loss-0.1051, val_rocauc-0.6282, test_loss-0.1053, test_rocauc-0.6240 
2023-12-14 11:59:48 - INFO - epoch-14, loss-0.0198, val_loss-0.1035, val_rocauc-0.6273, test_loss-0.1032, test_rocauc-0.6273 
2023-12-14 12:00:15 - INFO - epoch-15, loss-0.0197, val_loss-0.1023, val_rocauc-0.6450, test_loss-0.1025, test_rocauc-0.6409 
2023-12-14 12:00:38 - INFO - epoch-16, loss-0.0183, val_loss-0.0915, val_rocauc-0.7272, test_loss-0.0906, test_rocauc-0.7312 ***
2023-12-14 12:01:03 - INFO - epoch-17, loss-0.0160, val_loss-0.0860, val_rocauc-0.7425, test_loss-0.0862, test_rocauc-0.7384 ***
2023-12-14 12:01:29 - INFO - epoch-18, loss-0.0152, val_loss-0.0841, val_rocauc-0.7630, test_loss-0.0833, test_rocauc-0.7721 ***
2023-12-14 12:01:57 - INFO - epoch-19, loss-0.0149, val_loss-0.0878, val_rocauc-0.7634, test_loss-0.0875, test_rocauc-0.7660 
2023-12-14 12:02:24 - INFO - epoch-20, loss-0.0145, val_loss-0.0843, val_rocauc-0.7743, test_loss-0.0837, test_rocauc-0.7783 
2023-12-14 12:02:48 - INFO - epoch-21, loss-0.0145, val_loss-0.0887, val_rocauc-0.7734, test_loss-0.0889, test_rocauc-0.7751 
2023-12-14 12:03:17 - INFO - epoch-22, loss-0.0143, val_loss-0.0858, val_rocauc-0.7824, test_loss-0.0862, test_rocauc-0.7725 
2023-12-14 12:03:45 - INFO - epoch-23, loss-0.0141, val_loss-0.0842, val_rocauc-0.7811, test_loss-0.0837, test_rocauc-0.7861 
2023-12-14 12:04:15 - INFO - epoch-24, loss-0.0142, val_loss-0.0833, val_rocauc-0.7851, test_loss-0.0834, test_rocauc-0.7798 ***
2023-12-14 12:04:42 - INFO - epoch-25, loss-0.0140, val_loss-0.0821, val_rocauc-0.7833, test_loss-0.0821, test_rocauc-0.7859 
2023-12-14 12:05:09 - INFO - epoch-26, loss-0.0139, val_loss-0.0809, val_rocauc-0.7914, test_loss-0.0815, test_rocauc-0.7871 ***
2023-12-14 12:05:33 - INFO - epoch-27, loss-0.0139, val_loss-0.0845, val_rocauc-0.7836, test_loss-0.0848, test_rocauc-0.7799 
2023-12-14 12:05:55 - INFO - epoch-28, loss-0.0139, val_loss-0.0827, val_rocauc-0.7876, test_loss-0.0830, test_rocauc-0.7863 
2023-12-14 12:06:21 - INFO - epoch-29, loss-0.0139, val_loss-0.0826, val_rocauc-0.7916, test_loss-0.0825, test_rocauc-0.7880 
2023-12-14 12:06:44 - INFO - epoch-30, loss-0.0138, val_loss-0.0815, val_rocauc-0.7888, test_loss-0.0815, test_rocauc-0.7907 
2023-12-14 12:07:08 - INFO - epoch-31, loss-0.0138, val_loss-0.0821, val_rocauc-0.7891, test_loss-0.0818, test_rocauc-0.7906 
2023-12-14 12:07:35 - INFO - epoch-32, loss-0.0136, val_loss-0.0817, val_rocauc-0.7906, test_loss-0.0811, test_rocauc-0.7940 
2023-12-14 12:08:02 - INFO - epoch-33, loss-0.0134, val_loss-0.0797, val_rocauc-0.7940, test_loss-0.0794, test_rocauc-0.7964 ***
2023-12-14 12:08:29 - INFO - epoch-34, loss-0.0135, val_loss-0.0807, val_rocauc-0.7974, test_loss-0.0806, test_rocauc-0.8014 
2023-12-14 12:08:49 - INFO - epoch-35, loss-0.0133, val_loss-0.0825, val_rocauc-0.7984, test_loss-0.0822, test_rocauc-0.8022 
2023-12-14 12:09:05 - INFO - epoch-36, loss-0.0131, val_loss-0.0795, val_rocauc-0.7948, test_loss-0.0788, test_rocauc-0.7985 ***
2023-12-14 12:09:20 - INFO - epoch-37, loss-0.0132, val_loss-0.0815, val_rocauc-0.7973, test_loss-0.0815, test_rocauc-0.7951 
2023-12-14 12:09:34 - INFO - epoch-38, loss-0.0131, val_loss-0.0807, val_rocauc-0.7944, test_loss-0.0808, test_rocauc-0.7997 
2023-12-14 12:09:48 - INFO - epoch-39, loss-0.0130, val_loss-0.0791, val_rocauc-0.8083, test_loss-0.0789, test_rocauc-0.8094 ***
2023-12-14 12:10:02 - INFO - epoch-40, loss-0.0131, val_loss-0.0822, val_rocauc-0.7947, test_loss-0.0815, test_rocauc-0.8055 
2023-12-14 12:10:16 - INFO - epoch-41, loss-0.0131, val_loss-0.0814, val_rocauc-0.8006, test_loss-0.0818, test_rocauc-0.7905 
2023-12-14 12:10:32 - INFO - epoch-42, loss-0.0130, val_loss-0.0792, val_rocauc-0.7982, test_loss-0.0790, test_rocauc-0.7969 
2023-12-14 12:10:48 - INFO - epoch-43, loss-0.0130, val_loss-0.0804, val_rocauc-0.8023, test_loss-0.0803, test_rocauc-0.8043 
2023-12-14 12:11:05 - INFO - epoch-44, loss-0.0130, val_loss-0.0833, val_rocauc-0.8076, test_loss-0.0832, test_rocauc-0.8070 
2023-12-14 12:11:21 - INFO - epoch-45, loss-0.0128, val_loss-0.0797, val_rocauc-0.8102, test_loss-0.0791, test_rocauc-0.8117 
2023-12-14 12:11:37 - INFO - epoch-46, loss-0.0128, val_loss-0.0841, val_rocauc-0.8128, test_loss-0.0838, test_rocauc-0.8092 
2023-12-14 12:11:53 - INFO - epoch-47, loss-0.0128, val_loss-0.0810, val_rocauc-0.7963, test_loss-0.0814, test_rocauc-0.7965 
2023-12-14 12:12:10 - INFO - epoch-48, loss-0.0126, val_loss-0.0807, val_rocauc-0.8122, test_loss-0.0807, test_rocauc-0.8088 
2023-12-14 12:12:25 - INFO - epoch-49, loss-0.0126, val_loss-0.0811, val_rocauc-0.8122, test_loss-0.0812, test_rocauc-0.8114 
2023-12-14 12:12:41 - INFO - epoch-50, loss-0.0125, val_loss-0.0797, val_rocauc-0.8065, test_loss-0.0795, test_rocauc-0.8083 
2023-12-14 12:12:58 - INFO - epoch-51, loss-0.0125, val_loss-0.0786, val_rocauc-0.7957, test_loss-0.0787, test_rocauc-0.8002 
2023-12-14 12:13:15 - INFO - epoch-52, loss-0.0125, val_loss-0.0785, val_rocauc-0.8072, test_loss-0.0787, test_rocauc-0.8009 
2023-12-14 12:13:31 - INFO - epoch-53, loss-0.0124, val_loss-0.0783, val_rocauc-0.7969, test_loss-0.0781, test_rocauc-0.8005 
2023-12-14 12:13:47 - INFO - epoch-54, loss-0.0123, val_loss-0.0799, val_rocauc-0.8061, test_loss-0.0796, test_rocauc-0.8084 
2023-12-14 12:14:02 - INFO - epoch-55, loss-0.0122, val_loss-0.0806, val_rocauc-0.8061, test_loss-0.0810, test_rocauc-0.8078 
2023-12-14 12:14:17 - INFO - epoch-56, loss-0.0123, val_loss-0.0804, val_rocauc-0.8089, test_loss-0.0802, test_rocauc-0.8090 
2023-12-14 12:14:31 - INFO - epoch-57, loss-0.0122, val_loss-0.0824, val_rocauc-0.8066, test_loss-0.0823, test_rocauc-0.8109 
2023-12-14 12:14:44 - INFO - epoch-58, loss-0.0123, val_loss-0.0810, val_rocauc-0.8030, test_loss-0.0803, test_rocauc-0.8059 
2023-12-14 12:14:59 - INFO - epoch-59, loss-0.0121, val_loss-0.0784, val_rocauc-0.8161, test_loss-0.0787, test_rocauc-0.8130 ***
2023-12-14 12:15:15 - INFO - epoch-60, loss-0.0119, val_loss-0.0801, val_rocauc-0.8118, test_loss-0.0807, test_rocauc-0.8075 
2023-12-14 12:15:32 - INFO - epoch-61, loss-0.0119, val_loss-0.0802, val_rocauc-0.8062, test_loss-0.0806, test_rocauc-0.8067 
2023-12-14 12:15:49 - INFO - epoch-62, loss-0.0120, val_loss-0.0784, val_rocauc-0.8134, test_loss-0.0787, test_rocauc-0.8127 
2023-12-14 12:16:06 - INFO - epoch-63, loss-0.0118, val_loss-0.0799, val_rocauc-0.8075, test_loss-0.0803, test_rocauc-0.8075 
2023-12-14 12:16:23 - INFO - epoch-64, loss-0.0118, val_loss-0.0793, val_rocauc-0.8062, test_loss-0.0782, test_rocauc-0.8153 
2023-12-14 12:16:40 - INFO - epoch-65, loss-0.0118, val_loss-0.0792, val_rocauc-0.8008, test_loss-0.0798, test_rocauc-0.7994 
2023-12-14 12:16:58 - INFO - epoch-66, loss-0.0117, val_loss-0.0835, val_rocauc-0.8001, test_loss-0.0835, test_rocauc-0.8003 
2023-12-14 12:17:15 - INFO - epoch-67, loss-0.0116, val_loss-0.0790, val_rocauc-0.8038, test_loss-0.0789, test_rocauc-0.8050 
2023-12-14 12:17:32 - INFO - epoch-68, loss-0.0116, val_loss-0.0779, val_rocauc-0.8053, test_loss-0.0781, test_rocauc-0.8030 
2023-12-14 12:17:48 - INFO - epoch-69, loss-0.0115, val_loss-0.0822, val_rocauc-0.8039, test_loss-0.0823, test_rocauc-0.8102 
2023-12-14 12:18:05 - INFO - epoch-70, loss-0.0114, val_loss-0.0794, val_rocauc-0.8105, test_loss-0.0798, test_rocauc-0.8093 
2023-12-14 12:18:23 - INFO - epoch-71, loss-0.0114, val_loss-0.0804, val_rocauc-0.8027, test_loss-0.0795, test_rocauc-0.8063 
2023-12-14 12:18:40 - INFO - epoch-72, loss-0.0113, val_loss-0.0809, val_rocauc-0.8007, test_loss-0.0810, test_rocauc-0.8050 
2023-12-14 12:18:56 - INFO - epoch-73, loss-0.0112, val_loss-0.0784, val_rocauc-0.7994, test_loss-0.0784, test_rocauc-0.7939 
2023-12-14 12:19:13 - INFO - epoch-74, loss-0.0111, val_loss-0.0781, val_rocauc-0.8067, test_loss-0.0775, test_rocauc-0.8046 
2023-12-14 12:19:30 - INFO - epoch-75, loss-0.0111, val_loss-0.0809, val_rocauc-0.7990, test_loss-0.0809, test_rocauc-0.7978 
2023-12-14 12:19:47 - INFO - epoch-76, loss-0.0109, val_loss-0.0779, val_rocauc-0.7977, test_loss-0.0772, test_rocauc-0.8010 
2023-12-14 12:20:04 - INFO - epoch-77, loss-0.0108, val_loss-0.0812, val_rocauc-0.8028, test_loss-0.0805, test_rocauc-0.8042 
2023-12-14 12:20:20 - INFO - epoch-78, loss-0.0107, val_loss-0.0816, val_rocauc-0.7949, test_loss-0.0822, test_rocauc-0.7905 
2023-12-14 12:20:37 - INFO - epoch-79, loss-0.0107, val_loss-0.0812, val_rocauc-0.7997, test_loss-0.0816, test_rocauc-0.7957 
2023-12-14 12:20:54 - INFO - epoch-80, loss-0.0106, val_loss-0.0843, val_rocauc-0.7922, test_loss-0.0839, test_rocauc-0.7954 
2023-12-14 12:21:10 - INFO - epoch-81, loss-0.0104, val_loss-0.0788, val_rocauc-0.8057, test_loss-0.0791, test_rocauc-0.8095 
2023-12-14 12:21:27 - INFO - epoch-82, loss-0.0104, val_loss-0.0844, val_rocauc-0.7833, test_loss-0.0840, test_rocauc-0.7825 
2023-12-14 12:21:42 - INFO - epoch-83, loss-0.0100, val_loss-0.0807, val_rocauc-0.7921, test_loss-0.0809, test_rocauc-0.7928 
2023-12-14 12:21:58 - INFO - epoch-84, loss-0.0100, val_loss-0.0778, val_rocauc-0.8044, test_loss-0.0773, test_rocauc-0.7994 
2023-12-14 12:22:14 - INFO - epoch-85, loss-0.0098, val_loss-0.0793, val_rocauc-0.7923, test_loss-0.0797, test_rocauc-0.7958 
2023-12-14 12:22:30 - INFO - epoch-86, loss-0.0098, val_loss-0.0812, val_rocauc-0.7848, test_loss-0.0808, test_rocauc-0.7855 
2023-12-14 12:22:46 - INFO - epoch-87, loss-0.0095, val_loss-0.0818, val_rocauc-0.7788, test_loss-0.0823, test_rocauc-0.7759 
2023-12-14 12:23:02 - INFO - epoch-88, loss-0.0095, val_loss-0.0803, val_rocauc-0.7925, test_loss-0.0806, test_rocauc-0.7925 
2023-12-14 12:23:18 - INFO - epoch-89, loss-0.0091, val_loss-0.0874, val_rocauc-0.7731, test_loss-0.0870, test_rocauc-0.7830 
2023-12-14 12:23:33 - INFO - epoch-90, loss-0.0091, val_loss-0.0830, val_rocauc-0.7860, test_loss-0.0828, test_rocauc-0.7832 
2023-12-14 12:23:49 - INFO - epoch-91, loss-0.0087, val_loss-0.0827, val_rocauc-0.7741, test_loss-0.0816, test_rocauc-0.7870 
2023-12-14 12:24:06 - INFO - epoch-92, loss-0.0088, val_loss-0.0825, val_rocauc-0.7851, test_loss-0.0839, test_rocauc-0.7779 
2023-12-14 12:24:22 - INFO - epoch-93, loss-0.0087, val_loss-0.0815, val_rocauc-0.7827, test_loss-0.0807, test_rocauc-0.7908 
2023-12-14 12:24:38 - INFO - epoch-94, loss-0.0083, val_loss-0.0832, val_rocauc-0.7640, test_loss-0.0826, test_rocauc-0.7675 
2023-12-14 12:24:54 - INFO - epoch-95, loss-0.0083, val_loss-0.0870, val_rocauc-0.7630, test_loss-0.0861, test_rocauc-0.7681 
2023-12-14 12:25:11 - INFO - epoch-96, loss-0.0080, val_loss-0.0823, val_rocauc-0.7719, test_loss-0.0819, test_rocauc-0.7798 
2023-12-14 12:25:27 - INFO - epoch-97, loss-0.0080, val_loss-0.0810, val_rocauc-0.7803, test_loss-0.0817, test_rocauc-0.7754 
2023-12-14 12:25:43 - INFO - epoch-98, loss-0.0078, val_loss-0.0790, val_rocauc-0.7819, test_loss-0.0786, test_rocauc-0.7875 
2023-12-14 12:26:00 - INFO - epoch-99, loss-0.0075, val_loss-0.0825, val_rocauc-0.7605, test_loss-0.0830, test_rocauc-0.7577 
2023-12-14 12:26:17 - INFO - epoch-100, loss-0.0076, val_loss-0.0826, val_rocauc-0.7620, test_loss-0.0816, test_rocauc-0.7677 
2023-12-14 12:26:33 - INFO - epoch-101, loss-0.0073, val_loss-0.0825, val_rocauc-0.7490, test_loss-0.0825, test_rocauc-0.7531 
2023-12-14 12:26:49 - INFO - epoch-102, loss-0.0072, val_loss-0.0806, val_rocauc-0.7606, test_loss-0.0797, test_rocauc-0.7632 
2023-12-14 12:27:05 - INFO - epoch-103, loss-0.0068, val_loss-0.0800, val_rocauc-0.7660, test_loss-0.0802, test_rocauc-0.7638 
2023-12-14 12:27:22 - INFO - epoch-104, loss-0.0067, val_loss-0.0861, val_rocauc-0.7579, test_loss-0.0862, test_rocauc-0.7588 
2023-12-14 12:27:38 - INFO - epoch-105, loss-0.0068, val_loss-0.0829, val_rocauc-0.7519, test_loss-0.0827, test_rocauc-0.7540 
2023-12-14 12:27:54 - INFO - epoch-106, loss-0.0065, val_loss-0.0868, val_rocauc-0.7386, test_loss-0.0862, test_rocauc-0.7392 
2023-12-14 12:28:09 - INFO - epoch-107, loss-0.0066, val_loss-0.0840, val_rocauc-0.7477, test_loss-0.0850, test_rocauc-0.7401 
2023-12-14 12:28:25 - INFO - epoch-108, loss-0.0063, val_loss-0.0828, val_rocauc-0.7532, test_loss-0.0837, test_rocauc-0.7483 
2023-12-14 12:28:41 - INFO - epoch-109, loss-0.0061, val_loss-0.0870, val_rocauc-0.7383, test_loss-0.0869, test_rocauc-0.7416 
2023-12-14 12:28:57 - INFO - epoch-110, loss-0.0059, val_loss-0.0826, val_rocauc-0.7535, test_loss-0.0831, test_rocauc-0.7518 
2023-12-14 12:29:14 - INFO - epoch-111, loss-0.0057, val_loss-0.0853, val_rocauc-0.7393, test_loss-0.0849, test_rocauc-0.7452 
2023-12-14 12:29:30 - INFO - epoch-112, loss-0.0054, val_loss-0.0836, val_rocauc-0.7407, test_loss-0.0841, test_rocauc-0.7407 
2023-12-14 12:29:46 - INFO - epoch-113, loss-0.0052, val_loss-0.0864, val_rocauc-0.7441, test_loss-0.0858, test_rocauc-0.7385 
2023-12-14 12:30:02 - INFO - epoch-114, loss-0.0052, val_loss-0.0850, val_rocauc-0.7433, test_loss-0.0859, test_rocauc-0.7416 
2023-12-14 12:30:18 - INFO - epoch-115, loss-0.0052, val_loss-0.0894, val_rocauc-0.7254, test_loss-0.0881, test_rocauc-0.7299 
2023-12-14 12:30:34 - INFO - epoch-116, loss-0.0049, val_loss-0.0866, val_rocauc-0.7167, test_loss-0.0868, test_rocauc-0.7207 
2023-12-14 12:30:51 - INFO - epoch-117, loss-0.0046, val_loss-0.0846, val_rocauc-0.7371, test_loss-0.0857, test_rocauc-0.7311 
2023-12-14 12:31:07 - INFO - epoch-118, loss-0.0046, val_loss-0.0903, val_rocauc-0.7240, test_loss-0.0911, test_rocauc-0.7138 
2023-12-14 12:31:23 - INFO - epoch-119, loss-0.0045, val_loss-0.0832, val_rocauc-0.7455, test_loss-0.0832, test_rocauc-0.7452 
2023-12-14 12:31:38 - INFO - epoch-120, loss-0.0044, val_loss-0.0860, val_rocauc-0.7312, test_loss-0.0856, test_rocauc-0.7285 
2023-12-14 12:31:55 - INFO - epoch-121, loss-0.0042, val_loss-0.0895, val_rocauc-0.7159, test_loss-0.0897, test_rocauc-0.7113 
2023-12-14 12:32:11 - INFO - epoch-122, loss-0.0042, val_loss-0.0912, val_rocauc-0.7063, test_loss-0.0904, test_rocauc-0.7135 
2023-12-14 12:32:27 - INFO - epoch-123, loss-0.0040, val_loss-0.0887, val_rocauc-0.7263, test_loss-0.0899, test_rocauc-0.7145 
2023-12-14 12:32:43 - INFO - epoch-124, loss-0.0037, val_loss-0.0877, val_rocauc-0.7242, test_loss-0.0888, test_rocauc-0.7222 
2023-12-14 12:32:59 - INFO - epoch-125, loss-0.0037, val_loss-0.0889, val_rocauc-0.7165, test_loss-0.0886, test_rocauc-0.7130 
2023-12-14 12:33:16 - INFO - epoch-126, loss-0.0035, val_loss-0.0878, val_rocauc-0.7282, test_loss-0.0864, test_rocauc-0.7295 
2023-12-14 12:33:33 - INFO - epoch-127, loss-0.0035, val_loss-0.0872, val_rocauc-0.7334, test_loss-0.0865, test_rocauc-0.7370 
2023-12-14 12:33:49 - INFO - epoch-128, loss-0.0033, val_loss-0.0910, val_rocauc-0.7309, test_loss-0.0889, test_rocauc-0.7269 
2023-12-14 12:34:05 - INFO - epoch-129, loss-0.0035, val_loss-0.0905, val_rocauc-0.7074, test_loss-0.0899, test_rocauc-0.7144 
2023-12-14 12:34:21 - INFO - epoch-130, loss-0.0031, val_loss-0.0882, val_rocauc-0.7200, test_loss-0.0871, test_rocauc-0.7252 
2023-12-14 12:34:37 - INFO - epoch-131, loss-0.0030, val_loss-0.0924, val_rocauc-0.6968, test_loss-0.0924, test_rocauc-0.7000 
2023-12-14 12:34:53 - INFO - epoch-132, loss-0.0029, val_loss-0.0874, val_rocauc-0.7378, test_loss-0.0872, test_rocauc-0.7336 
2023-12-14 12:35:09 - INFO - epoch-133, loss-0.0030, val_loss-0.0882, val_rocauc-0.7191, test_loss-0.0886, test_rocauc-0.7225 
2023-12-14 12:35:25 - INFO - epoch-134, loss-0.0029, val_loss-0.0878, val_rocauc-0.7314, test_loss-0.0883, test_rocauc-0.7211 
2023-12-14 12:35:41 - INFO - epoch-135, loss-0.0027, val_loss-0.0915, val_rocauc-0.7084, test_loss-0.0917, test_rocauc-0.7178 
2023-12-14 12:35:58 - INFO - epoch-136, loss-0.0026, val_loss-0.0897, val_rocauc-0.7281, test_loss-0.0898, test_rocauc-0.7341 
2023-12-14 12:36:14 - INFO - epoch-137, loss-0.0025, val_loss-0.0871, val_rocauc-0.7256, test_loss-0.0866, test_rocauc-0.7239 
2023-12-14 12:36:30 - INFO - epoch-138, loss-0.0023, val_loss-0.0857, val_rocauc-0.7317, test_loss-0.0860, test_rocauc-0.7291 
2023-12-14 12:36:46 - INFO - epoch-139, loss-0.0024, val_loss-0.0878, val_rocauc-0.7273, test_loss-0.0874, test_rocauc-0.7311 
2023-12-14 12:37:03 - INFO - epoch-140, loss-0.0025, val_loss-0.0932, val_rocauc-0.7028, test_loss-0.0917, test_rocauc-0.7012 
2023-12-14 12:37:19 - INFO - epoch-141, loss-0.0023, val_loss-0.0902, val_rocauc-0.7086, test_loss-0.0902, test_rocauc-0.7090 
2023-12-14 12:37:35 - INFO - epoch-142, loss-0.0022, val_loss-0.0907, val_rocauc-0.7178, test_loss-0.0905, test_rocauc-0.7232 
2023-12-14 12:37:52 - INFO - epoch-143, loss-0.0022, val_loss-0.0920, val_rocauc-0.7220, test_loss-0.0927, test_rocauc-0.7093 
2023-12-14 12:38:09 - INFO - epoch-144, loss-0.0022, val_loss-0.0860, val_rocauc-0.7303, test_loss-0.0895, test_rocauc-0.7097 
2023-12-14 12:38:25 - INFO - epoch-145, loss-0.0022, val_loss-0.0918, val_rocauc-0.7113, test_loss-0.0905, test_rocauc-0.7220 
2023-12-14 12:38:41 - INFO - epoch-146, loss-0.0020, val_loss-0.0892, val_rocauc-0.7252, test_loss-0.0894, test_rocauc-0.7186 
2023-12-14 12:38:58 - INFO - epoch-147, loss-0.0020, val_loss-0.0893, val_rocauc-0.7236, test_loss-0.0895, test_rocauc-0.7183 
2023-12-14 12:39:15 - INFO - epoch-148, loss-0.0020, val_loss-0.0880, val_rocauc-0.7172, test_loss-0.0884, test_rocauc-0.7243 
2023-12-14 12:39:31 - INFO - epoch-149, loss-0.0019, val_loss-0.0930, val_rocauc-0.7097, test_loss-0.0927, test_rocauc-0.7115 
2023-12-14 12:39:48 - INFO - epoch-150, loss-0.0019, val_loss-0.0929, val_rocauc-0.7047, test_loss-0.0931, test_rocauc-0.7070 
2023-12-14 12:40:04 - INFO - epoch-151, loss-0.0019, val_loss-0.0914, val_rocauc-0.7066, test_loss-0.0918, test_rocauc-0.7150 
2023-12-14 12:40:21 - INFO - epoch-152, loss-0.0018, val_loss-0.0882, val_rocauc-0.7186, test_loss-0.0889, test_rocauc-0.7184 
2023-12-14 12:40:37 - INFO - epoch-153, loss-0.0017, val_loss-0.0878, val_rocauc-0.7315, test_loss-0.0898, test_rocauc-0.7238 
2023-12-14 12:40:53 - INFO - epoch-154, loss-0.0017, val_loss-0.0877, val_rocauc-0.7158, test_loss-0.0865, test_rocauc-0.7294 
2023-12-14 12:41:10 - INFO - epoch-155, loss-0.0018, val_loss-0.0909, val_rocauc-0.7051, test_loss-0.0892, test_rocauc-0.7187 
2023-12-14 12:41:26 - INFO - epoch-156, loss-0.0016, val_loss-0.0912, val_rocauc-0.7098, test_loss-0.0900, test_rocauc-0.7120 
2023-12-14 12:41:42 - INFO - epoch-157, loss-0.0017, val_loss-0.0886, val_rocauc-0.7271, test_loss-0.0904, test_rocauc-0.7171 
2023-12-14 12:41:59 - INFO - epoch-158, loss-0.0016, val_loss-0.0906, val_rocauc-0.7218, test_loss-0.0901, test_rocauc-0.7205 
2023-12-14 12:42:15 - INFO - epoch-159, loss-0.0016, val_loss-0.0883, val_rocauc-0.7243, test_loss-0.0881, test_rocauc-0.7253 
2023-12-14 12:42:32 - INFO - epoch-160, loss-0.0015, val_loss-0.0911, val_rocauc-0.7227, test_loss-0.0920, test_rocauc-0.7195 
